<?xml version="1.0" encoding="UTF-8"?>
<!-- Generated by org.testng.reporters.JUnitReportReporter -->
<testsuite hostname="L-2180" failures="0" tests="2" name="Academy.HomePage" time="47.120" errors="0" timestamp="2021-06-24T17:00:20 IST" skipped="0">
  <testcase classname="Academy.HomePage" name="basePageNavigation" time="41.416"/>
  <system-out/>
  <testcase classname="Academy.HomePage" name="basePageNavigation" time="5.704"/>
  <system-out/>
</testsuite> <!-- Academy.HomePage -->
