<?xml version="1.0" encoding="UTF-8"?>
<!-- Generated by org.testng.reporters.JUnitReportReporter -->
<testsuite hostname="L-2180" failures="0" tests="1" name="Academy.validateNavigationBar" time="0.824" errors="0" timestamp="2021-06-24T17:17:00 IST" skipped="0">
  <testcase classname="Academy.validateNavigationBar" name="basePageNavigation" time="0.824"/>
  <system-out/>
</testsuite> <!-- Academy.validateNavigationBar -->
